<?xml version="1.0" encoding="UTF-8"?>
<!-- Generated by org.testng.reporters.JUnitXMLReporter -->
<testsuite ignored="0" hostname="Abisheks-MacBook-Air.local" failures="0" tests="1" name="Test" time="46.967" errors="0" timestamp="2023-03-10T19:10:03 IST">
  <testcase classname="auto_basecode.Basecode" name="@BeforeMethod startbrow" time="46.135">
    <failure type="org.openqa.selenium.SessionNotCreatedException" message="session not created: This version of ChromeDriver only supports Chrome version 109
Current browser version is 111.0.5563.64 with binary path /Applications/Google Chrome.app/Contents/MacOS/Google Chrome
Build info: version: &amp;apos;3.141.59&amp;apos;, revision: &amp;apos;e82be7d358&amp;apos;, time: &amp;apos;2018-11-14T08:17:03&amp;apos;
System info: host: &amp;apos;Abisheks-MacBook-Air.local&amp;apos;, ip: &amp;apos;fe80:0:0:0:24:870d:a163:fdc%en0&amp;apos;, os.name: &amp;apos;Mac OS X&amp;apos;, os.arch: &amp;apos;x86_64&amp;apos;, os.version: &amp;apos;13.0&amp;apos;, java.version: &amp;apos;17.0.4.1&amp;apos;
Driver info: driver.version: ChromeDriver
remote stacktrace: 0   chromedriver                        0x00000001012d6fa8 chromedriver + 4886440
1   chromedriver                        0x0000000101254643 chromedriver + 4351555
2   chromedriver                        0x0000000100ea2b27 chromedriver + 477991
3   chromedriver                        0x0000000100ed4659 chromedriver + 681561
4   chromedriver                        0x0000000100ecf3bb chromedriver + 660411
5   chromedriver                        0x0000000100ecb712 chromedriver + 644882
6   chromedriver                        0x0000000100f16bd7 chromedriver + 953303
7   chromedriver                        0x0000000100f0d3a3 chromedriver + 914339
8   chromedriver                        0x0000000100ed757f chromedriver + 693631
9   chromedriver                        0x0000000100ed8b1e chromedriver + 699166
10  chromedriver                        0x00000001012a3b9e chromedriver + 4676510
11  chromedriver                        0x00000001012a891e chromedriver + 4696350
12  chromedriver                        0x00000001012b019f chromedriver + 4727199
13  chromedriver                        0x00000001012a981a chromedriver + 4700186
14  chromedriver                        0x000000010127ca62 chromedriver + 4516450
15  chromedriver                        0x00000001012c88c8 chromedriver + 4827336
16  chromedriver                        0x00000001012c8a45 chromedriver + 4827717
17  chromedriver                        0x00000001012de7ef chromedriver + 4917231
18  libsystem_pthread.dylib             0x00007ff8077b3259 _pthread_start + 125
19  libsystem_pthread.dylib             0x00007ff8077aec7b thread_start + 15
">
      <![CDATA[org.openqa.selenium.SessionNotCreatedException: session not created: This version of ChromeDriver only supports Chrome version 109
Current browser version is 111.0.5563.64 with binary path /Applications/Google Chrome.app/Contents/MacOS/Google Chrome
Build info: version: '3.141.59', revision: 'e82be7d358', time: '2018-11-14T08:17:03'
System info: host: 'Abisheks-MacBook-Air.local', ip: 'fe80:0:0:0:24:870d:a163:fdc%en0', os.name: 'Mac OS X', os.arch: 'x86_64', os.version: '13.0', java.version: '17.0.4.1'
Driver info: driver.version: ChromeDriver
remote stacktrace: 0   chromedriver                        0x00000001012d6fa8 chromedriver + 4886440
1   chromedriver                        0x0000000101254643 chromedriver + 4351555
2   chromedriver                        0x0000000100ea2b27 chromedriver + 477991
3   chromedriver                        0x0000000100ed4659 chromedriver + 681561
4   chromedriver                        0x0000000100ecf3bb chromedriver + 660411
5   chromedriver                        0x0000000100ecb712 chromedriver + 644882
6   chromedriver                        0x0000000100f16bd7 chromedriver + 953303
7   chromedriver                        0x0000000100f0d3a3 chromedriver + 914339
8   chromedriver                        0x0000000100ed757f chromedriver + 693631
9   chromedriver                        0x0000000100ed8b1e chromedriver + 699166
10  chromedriver                        0x00000001012a3b9e chromedriver + 4676510
11  chromedriver                        0x00000001012a891e chromedriver + 4696350
12  chromedriver                        0x00000001012b019f chromedriver + 4727199
13  chromedriver                        0x00000001012a981a chromedriver + 4700186
14  chromedriver                        0x000000010127ca62 chromedriver + 4516450
15  chromedriver                        0x00000001012c88c8 chromedriver + 4827336
16  chromedriver                        0x00000001012c8a45 chromedriver + 4827717
17  chromedriver                        0x00000001012de7ef chromedriver + 4917231
18  libsystem_pthread.dylib             0x00007ff8077b3259 _pthread_start + 125
19  libsystem_pthread.dylib             0x00007ff8077aec7b thread_start + 15

at org.openqa.selenium.remote.W3CHandshakeResponse.lambda$errorHandler$0(W3CHandshakeResponse.java:62)
at org.openqa.selenium.remote.HandshakeResponse.lambda$getResponseFunction$0(HandshakeResponse.java:30)
at org.openqa.selenium.remote.ProtocolHandshake.lambda$createSession$0(ProtocolHandshake.java:126)
at java.base/java.util.stream.ReferencePipeline$3$1.accept(ReferencePipeline.java:197)
at java.base/java.util.Spliterators$ArraySpliterator.tryAdvance(Spliterators.java:1002)
at java.base/java.util.stream.ReferencePipeline.forEachWithCancel(ReferencePipeline.java:129)
at java.base/java.util.stream.AbstractPipeline.copyIntoWithCancel(AbstractPipeline.java:527)
at java.base/java.util.stream.AbstractPipeline.copyInto(AbstractPipeline.java:513)
at java.base/java.util.stream.AbstractPipeline.wrapAndCopyInto(AbstractPipeline.java:499)
at java.base/java.util.stream.FindOps$FindOp.evaluateSequential(FindOps.java:150)
at java.base/java.util.stream.AbstractPipeline.evaluate(AbstractPipeline.java:234)
at java.base/java.util.stream.ReferencePipeline.findFirst(ReferencePipeline.java:647)
at org.openqa.selenium.remote.ProtocolHandshake.createSession(ProtocolHandshake.java:128)
at org.openqa.selenium.remote.ProtocolHandshake.createSession(ProtocolHandshake.java:74)
at org.openqa.selenium.remote.HttpCommandExecutor.execute(HttpCommandExecutor.java:136)
at org.openqa.selenium.remote.service.DriverCommandExecutor.execute(DriverCommandExecutor.java:83)
at org.openqa.selenium.remote.RemoteWebDriver.execute(RemoteWebDriver.java:552)
at org.openqa.selenium.remote.RemoteWebDriver.startSession(RemoteWebDriver.java:213)
at org.openqa.selenium.remote.RemoteWebDriver.<init>(RemoteWebDriver.java:131)
at org.openqa.selenium.chrome.ChromeDriver.<init>(ChromeDriver.java:181)
at org.openqa.selenium.chrome.ChromeDriver.<init>(ChromeDriver.java:168)
at org.openqa.selenium.chrome.ChromeDriver.<init>(ChromeDriver.java:123)
at auto_basecode.Basecode.startbrow(Basecode.java:18)
at java.base/java.util.ArrayList.forEach(ArrayList.java:1511)
... Removed 36 stack frames]]>
    </failure>
  </testcase> <!-- @BeforeMethod startbrow -->
  <testcase classname="auto_tc.Tc1" name="tc1" time="0.0">
    <skipped/>
  </testcase> <!-- tc1 -->
</testsuite> <!-- Test -->
