<!DOCTYPE html PUBLIC "-//W3C//DTD XHTML 1.1//EN" "https://www.w3.org/TR/xhtml11/DTD/xhtml11.dtd">
<html xmlns="https://www.w3.org/1999/xhtml">
<head>
<meta http-equiv="content-type" content="text/html; charset=UTF-8"/>
<title>TestNG Report</title>
<style type="text/css">table {margin-bottom:10px;border-collapse:collapse;empty-cells:show}th,td {border:1px solid #009;padding:.25em .5em}th {vertical-align:bottom}td {vertical-align:top}table a {font-weight:bold}.stripe td {background-color: #E6EBF9}.num {text-align:right}.passedodd td {background-color: #3F3}.passedeven td {background-color: #0A0}.skippedodd td {background-color: #DDD}.skippedeven td {background-color: #CCC}.failedodd td,.attn {background-color: #F33}.failedeven td,.stripe .attn {background-color: #D00}.stacktrace {white-space:pre;font-family:monospace}.totop {font-size:85%;text-align:center;border-bottom:2px solid #000}.invisible {display:none}</style>
</head>
<body>
<table>
<tr><th>Test</th><th># Passed</th><th># Skipped</th><th># Retried</th><th># Failed</th><th>Time (ms)</th><th>Included Groups</th><th>Excluded Groups</th></tr>
<tr><th colspan="8">Suite</th></tr>
<tr><td><a href="#t0">Test</a></td><td class="num">0</td><td class="num attn">1</td><td class="num">0</td><td class="num">0</td><td class="num">46,967</td><td></td><td></td></tr>
</table>
<table id='summary'><thead><tr><th>Class</th><th>Method</th><th>Start</th><th>Time (ms)</th></tr></thead><tbody><tr><th colspan="4">Suite</th></tr></tbody><tbody id="t0"><tr><th colspan="4">Test &#8212; failed (configuration methods)</th></tr><tr class="failedeven"><td rowspan="1">auto_tc.Tc1</td><td><a href="#m0">startbrow</a></td><td rowspan="1">1678455556853</td><td rowspan="1">46135</td></tr><tr><th colspan="4">Test &#8212; skipped</th></tr><tr class="skippedeven"><td rowspan="1">auto_tc.Tc1</td><td><a href="#m1">tc1</a></td><td rowspan="1">1678455603020</td><td rowspan="1">0</td></tr></tbody>
</table>
<h2>Test</h2><h3 id="m0">auto_tc.Tc1#startbrow</h3><table class="result"><tr><th>Exception</th></tr><tr><td><div class="stacktrace">org.openqa.selenium.SessionNotCreatedException: session not created: This version of ChromeDriver only supports Chrome version 109
Current browser version is 111.0.5563.64 with binary path /Applications/Google Chrome.app/Contents/MacOS/Google Chrome
Build info: version: &apos;3.141.59&apos;, revision: &apos;e82be7d358&apos;, time: &apos;2018-11-14T08:17:03&apos;
System info: host: &apos;Abisheks-MacBook-Air.local&apos;, ip: &apos;fe80:0:0:0:24:870d:a163:fdc%en0&apos;, os.name: &apos;Mac OS X&apos;, os.arch: &apos;x86_64&apos;, os.version: &apos;13.0&apos;, java.version: &apos;17.0.4.1&apos;
Driver info: driver.version: ChromeDriver
remote stacktrace: 0   chromedriver                        0x00000001012d6fa8 chromedriver + 4886440
1   chromedriver                        0x0000000101254643 chromedriver + 4351555
2   chromedriver                        0x0000000100ea2b27 chromedriver + 477991
3   chromedriver                        0x0000000100ed4659 chromedriver + 681561
4   chromedriver                        0x0000000100ecf3bb chromedriver + 660411
5   chromedriver                        0x0000000100ecb712 chromedriver + 644882
6   chromedriver                        0x0000000100f16bd7 chromedriver + 953303
7   chromedriver                        0x0000000100f0d3a3 chromedriver + 914339
8   chromedriver                        0x0000000100ed757f chromedriver + 693631
9   chromedriver                        0x0000000100ed8b1e chromedriver + 699166
10  chromedriver                        0x00000001012a3b9e chromedriver + 4676510
11  chromedriver                        0x00000001012a891e chromedriver + 4696350
12  chromedriver                        0x00000001012b019f chromedriver + 4727199
13  chromedriver                        0x00000001012a981a chromedriver + 4700186
14  chromedriver                        0x000000010127ca62 chromedriver + 4516450
15  chromedriver                        0x00000001012c88c8 chromedriver + 4827336
16  chromedriver                        0x00000001012c8a45 chromedriver + 4827717
17  chromedriver                        0x00000001012de7ef chromedriver + 4917231
18  libsystem_pthread.dylib             0x00007ff8077b3259 _pthread_start + 125
19  libsystem_pthread.dylib             0x00007ff8077aec7b thread_start + 15

	at org.openqa.selenium.remote.W3CHandshakeResponse.lambda$errorHandler$0(W3CHandshakeResponse.java:62)
	at org.openqa.selenium.remote.HandshakeResponse.lambda$getResponseFunction$0(HandshakeResponse.java:30)
	at org.openqa.selenium.remote.ProtocolHandshake.lambda$createSession$0(ProtocolHandshake.java:126)
	at java.base/java.util.stream.ReferencePipeline$3$1.accept(ReferencePipeline.java:197)
	at java.base/java.util.Spliterators$ArraySpliterator.tryAdvance(Spliterators.java:1002)
	at java.base/java.util.stream.ReferencePipeline.forEachWithCancel(ReferencePipeline.java:129)
	at java.base/java.util.stream.AbstractPipeline.copyIntoWithCancel(AbstractPipeline.java:527)
	at java.base/java.util.stream.AbstractPipeline.copyInto(AbstractPipeline.java:513)
	at java.base/java.util.stream.AbstractPipeline.wrapAndCopyInto(AbstractPipeline.java:499)
	at java.base/java.util.stream.FindOps$FindOp.evaluateSequential(FindOps.java:150)
	at java.base/java.util.stream.AbstractPipeline.evaluate(AbstractPipeline.java:234)
	at java.base/java.util.stream.ReferencePipeline.findFirst(ReferencePipeline.java:647)
	at org.openqa.selenium.remote.ProtocolHandshake.createSession(ProtocolHandshake.java:128)
	at org.openqa.selenium.remote.ProtocolHandshake.createSession(ProtocolHandshake.java:74)
	at org.openqa.selenium.remote.HttpCommandExecutor.execute(HttpCommandExecutor.java:136)
	at org.openqa.selenium.remote.service.DriverCommandExecutor.execute(DriverCommandExecutor.java:83)
	at org.openqa.selenium.remote.RemoteWebDriver.execute(RemoteWebDriver.java:552)
	at org.openqa.selenium.remote.RemoteWebDriver.startSession(RemoteWebDriver.java:213)
	at org.openqa.selenium.remote.RemoteWebDriver.&lt;init&gt;(RemoteWebDriver.java:131)
	at org.openqa.selenium.chrome.ChromeDriver.&lt;init&gt;(ChromeDriver.java:181)
	at org.openqa.selenium.chrome.ChromeDriver.&lt;init&gt;(ChromeDriver.java:168)
	at org.openqa.selenium.chrome.ChromeDriver.&lt;init&gt;(ChromeDriver.java:123)
	at auto_basecode.Basecode.startbrow(Basecode.java:18)
	at java.base/java.util.ArrayList.forEach(ArrayList.java:1511)
... Removed 36 stack frames</div></td></tr></table><p class="totop"><a href="#summary">back to summary</a></p>
<h3 id="m1">auto_tc.Tc1#tc1</h3><table class="result"><tr class="param"><th>Parameter #1</th><th>Parameter #2</th><th>Parameter #3</th><th>Parameter #4</th><th>Parameter #5</th><th>Parameter #6</th></tr><tr class="param stripe"><td>kumarsuresh93013@gmail.com</td><td>Suresh@1908</td><td>7878787878</td><td>Serv</td><td>Joey</td><td>Joey66@gmail.com</td></tr><tr><th colspan="6">Exception</th></tr><tr><td colspan="6"><div class="stacktrace">org.openqa.selenium.SessionNotCreatedException: session not created: This version of ChromeDriver only supports Chrome version 109
Current browser version is 111.0.5563.64 with binary path /Applications/Google Chrome.app/Contents/MacOS/Google Chrome
Build info: version: &apos;3.141.59&apos;, revision: &apos;e82be7d358&apos;, time: &apos;2018-11-14T08:17:03&apos;
System info: host: &apos;Abisheks-MacBook-Air.local&apos;, ip: &apos;fe80:0:0:0:24:870d:a163:fdc%en0&apos;, os.name: &apos;Mac OS X&apos;, os.arch: &apos;x86_64&apos;, os.version: &apos;13.0&apos;, java.version: &apos;17.0.4.1&apos;
Driver info: driver.version: ChromeDriver
remote stacktrace: 0   chromedriver                        0x00000001012d6fa8 chromedriver + 4886440
1   chromedriver                        0x0000000101254643 chromedriver + 4351555
2   chromedriver                        0x0000000100ea2b27 chromedriver + 477991
3   chromedriver                        0x0000000100ed4659 chromedriver + 681561
4   chromedriver                        0x0000000100ecf3bb chromedriver + 660411
5   chromedriver                        0x0000000100ecb712 chromedriver + 644882
6   chromedriver                        0x0000000100f16bd7 chromedriver + 953303
7   chromedriver                        0x0000000100f0d3a3 chromedriver + 914339
8   chromedriver                        0x0000000100ed757f chromedriver + 693631
9   chromedriver                        0x0000000100ed8b1e chromedriver + 699166
10  chromedriver                        0x00000001012a3b9e chromedriver + 4676510
11  chromedriver                        0x00000001012a891e chromedriver + 4696350
12  chromedriver                        0x00000001012b019f chromedriver + 4727199
13  chromedriver                        0x00000001012a981a chromedriver + 4700186
14  chromedriver                        0x000000010127ca62 chromedriver + 4516450
15  chromedriver                        0x00000001012c88c8 chromedriver + 4827336
16  chromedriver                        0x00000001012c8a45 chromedriver + 4827717
17  chromedriver                        0x00000001012de7ef chromedriver + 4917231
18  libsystem_pthread.dylib             0x00007ff8077b3259 _pthread_start + 125
19  libsystem_pthread.dylib             0x00007ff8077aec7b thread_start + 15

	at org.openqa.selenium.remote.W3CHandshakeResponse.lambda$errorHandler$0(W3CHandshakeResponse.java:62)
	at org.openqa.selenium.remote.HandshakeResponse.lambda$getResponseFunction$0(HandshakeResponse.java:30)
	at org.openqa.selenium.remote.ProtocolHandshake.lambda$createSession$0(ProtocolHandshake.java:126)
	at java.base/java.util.stream.ReferencePipeline$3$1.accept(ReferencePipeline.java:197)
	at java.base/java.util.Spliterators$ArraySpliterator.tryAdvance(Spliterators.java:1002)
	at java.base/java.util.stream.ReferencePipeline.forEachWithCancel(ReferencePipeline.java:129)
	at java.base/java.util.stream.AbstractPipeline.copyIntoWithCancel(AbstractPipeline.java:527)
	at java.base/java.util.stream.AbstractPipeline.copyInto(AbstractPipeline.java:513)
	at java.base/java.util.stream.AbstractPipeline.wrapAndCopyInto(AbstractPipeline.java:499)
	at java.base/java.util.stream.FindOps$FindOp.evaluateSequential(FindOps.java:150)
	at java.base/java.util.stream.AbstractPipeline.evaluate(AbstractPipeline.java:234)
	at java.base/java.util.stream.ReferencePipeline.findFirst(ReferencePipeline.java:647)
	at org.openqa.selenium.remote.ProtocolHandshake.createSession(ProtocolHandshake.java:128)
	at org.openqa.selenium.remote.ProtocolHandshake.createSession(ProtocolHandshake.java:74)
	at org.openqa.selenium.remote.HttpCommandExecutor.execute(HttpCommandExecutor.java:136)
	at org.openqa.selenium.remote.service.DriverCommandExecutor.execute(DriverCommandExecutor.java:83)
	at org.openqa.selenium.remote.RemoteWebDriver.execute(RemoteWebDriver.java:552)
	at org.openqa.selenium.remote.RemoteWebDriver.startSession(RemoteWebDriver.java:213)
	at org.openqa.selenium.remote.RemoteWebDriver.&lt;init&gt;(RemoteWebDriver.java:131)
	at org.openqa.selenium.chrome.ChromeDriver.&lt;init&gt;(ChromeDriver.java:181)
	at org.openqa.selenium.chrome.ChromeDriver.&lt;init&gt;(ChromeDriver.java:168)
	at org.openqa.selenium.chrome.ChromeDriver.&lt;init&gt;(ChromeDriver.java:123)
	at auto_basecode.Basecode.startbrow(Basecode.java:18)
	at java.base/java.util.ArrayList.forEach(ArrayList.java:1511)
... Removed 36 stack frames</div></td></tr></table><p class="totop"><a href="#summary">back to summary</a></p>
</body>
</html>
