<?xml version="1.0" encoding="UTF-8"?>
<testng-results ignored="0" total="1" passed="0" failed="0" skipped="1">
  <reporter-output>
  </reporter-output>
  <suite started-at="2023-03-10T19:09:16 IST" name="Suite" finished-at="2023-03-10T19:10:03 IST" duration-ms="46967">
    <groups>
    </groups>
    <test started-at="2023-03-10T19:09:16 IST" name="Test" finished-at="2023-03-10T19:10:03 IST" duration-ms="46967">
      <class name="auto_tc.Tc1">
        <test-method is-config="true" signature="startbrow()[pri:0, instance:auto_tc.Tc1@34f7cfd9]" started-at="2023-03-10T19:09:16 IST" name="startbrow" finished-at="2023-03-10T19:10:02 IST" duration-ms="46135" status="FAIL">
          <exception class="org.openqa.selenium.SessionNotCreatedException">
            <message>
              <![CDATA[session not created: This version of ChromeDriver only supports Chrome version 109
Current browser version is 111.0.5563.64 with binary path /Applications/Google Chrome.app/Contents/MacOS/Google Chrome
Build info: version: '3.141.59', revision: 'e82be7d358', time: '2018-11-14T08:17:03'
System info: host: 'Abisheks-MacBook-Air.local', ip: 'fe80:0:0:0:24:870d:a163:fdc%en0', os.name: 'Mac OS X', os.arch: 'x86_64', os.version: '13.0', java.version: '17.0.4.1'
Driver info: driver.version: ChromeDriver
remote stacktrace: 0   chromedriver                        0x00000001012d6fa8 chromedriver + 4886440
1   chromedriver                        0x0000000101254643 chromedriver + 4351555
2   chromedriver                        0x0000000100ea2b27 chromedriver + 477991
3   chromedriver                        0x0000000100ed4659 chromedriver + 681561
4   chromedriver                        0x0000000100ecf3bb chromedriver + 660411
5   chromedriver                        0x0000000100ecb712 chromedriver + 644882
6   chromedriver                        0x0000000100f16bd7 chromedriver + 953303
7   chromedriver                        0x0000000100f0d3a3 chromedriver + 914339
8   chromedriver                        0x0000000100ed757f chromedriver + 693631
9   chromedriver                        0x0000000100ed8b1e chromedriver + 699166
10  chromedriver                        0x00000001012a3b9e chromedriver + 4676510
11  chromedriver                        0x00000001012a891e chromedriver + 4696350
12  chromedriver                        0x00000001012b019f chromedriver + 4727199
13  chromedriver                        0x00000001012a981a chromedriver + 4700186
14  chromedriver                        0x000000010127ca62 chromedriver + 4516450
15  chromedriver                        0x00000001012c88c8 chromedriver + 4827336
16  chromedriver                        0x00000001012c8a45 chromedriver + 4827717
17  chromedriver                        0x00000001012de7ef chromedriver + 4917231
18  libsystem_pthread.dylib             0x00007ff8077b3259 _pthread_start + 125
19  libsystem_pthread.dylib             0x00007ff8077aec7b thread_start + 15
]]>
            </message>
            <full-stacktrace>
              <![CDATA[org.openqa.selenium.SessionNotCreatedException: session not created: This version of ChromeDriver only supports Chrome version 109
Current browser version is 111.0.5563.64 with binary path /Applications/Google Chrome.app/Contents/MacOS/Google Chrome
Build info: version: '3.141.59', revision: 'e82be7d358', time: '2018-11-14T08:17:03'
System info: host: 'Abisheks-MacBook-Air.local', ip: 'fe80:0:0:0:24:870d:a163:fdc%en0', os.name: 'Mac OS X', os.arch: 'x86_64', os.version: '13.0', java.version: '17.0.4.1'
Driver info: driver.version: ChromeDriver
remote stacktrace: 0   chromedriver                        0x00000001012d6fa8 chromedriver + 4886440
1   chromedriver                        0x0000000101254643 chromedriver + 4351555
2   chromedriver                        0x0000000100ea2b27 chromedriver + 477991
3   chromedriver                        0x0000000100ed4659 chromedriver + 681561
4   chromedriver                        0x0000000100ecf3bb chromedriver + 660411
5   chromedriver                        0x0000000100ecb712 chromedriver + 644882
6   chromedriver                        0x0000000100f16bd7 chromedriver + 953303
7   chromedriver                        0x0000000100f0d3a3 chromedriver + 914339
8   chromedriver                        0x0000000100ed757f chromedriver + 693631
9   chromedriver                        0x0000000100ed8b1e chromedriver + 699166
10  chromedriver                        0x00000001012a3b9e chromedriver + 4676510
11  chromedriver                        0x00000001012a891e chromedriver + 4696350
12  chromedriver                        0x00000001012b019f chromedriver + 4727199
13  chromedriver                        0x00000001012a981a chromedriver + 4700186
14  chromedriver                        0x000000010127ca62 chromedriver + 4516450
15  chromedriver                        0x00000001012c88c8 chromedriver + 4827336
16  chromedriver                        0x00000001012c8a45 chromedriver + 4827717
17  chromedriver                        0x00000001012de7ef chromedriver + 4917231
18  libsystem_pthread.dylib             0x00007ff8077b3259 _pthread_start + 125
19  libsystem_pthread.dylib             0x00007ff8077aec7b thread_start + 15

at java.base/jdk.internal.reflect.NativeConstructorAccessorImpl.newInstance0(Native Method)
at java.base/jdk.internal.reflect.NativeConstructorAccessorImpl.newInstance(NativeConstructorAccessorImpl.java:77)
at java.base/jdk.internal.reflect.DelegatingConstructorAccessorImpl.newInstance(DelegatingConstructorAccessorImpl.java:45)
at java.base/java.lang.reflect.Constructor.newInstanceWithCaller(Constructor.java:499)
at java.base/java.lang.reflect.Constructor.newInstance(Constructor.java:480)
at org.openqa.selenium.remote.W3CHandshakeResponse.lambda$errorHandler$0(W3CHandshakeResponse.java:62)
at org.openqa.selenium.remote.HandshakeResponse.lambda$getResponseFunction$0(HandshakeResponse.java:30)
at org.openqa.selenium.remote.ProtocolHandshake.lambda$createSession$0(ProtocolHandshake.java:126)
at java.base/java.util.stream.ReferencePipeline$3$1.accept(ReferencePipeline.java:197)
at java.base/java.util.Spliterators$ArraySpliterator.tryAdvance(Spliterators.java:1002)
at java.base/java.util.stream.ReferencePipeline.forEachWithCancel(ReferencePipeline.java:129)
at java.base/java.util.stream.AbstractPipeline.copyIntoWithCancel(AbstractPipeline.java:527)
at java.base/java.util.stream.AbstractPipeline.copyInto(AbstractPipeline.java:513)
at java.base/java.util.stream.AbstractPipeline.wrapAndCopyInto(AbstractPipeline.java:499)
at java.base/java.util.stream.FindOps$FindOp.evaluateSequential(FindOps.java:150)
at java.base/java.util.stream.AbstractPipeline.evaluate(AbstractPipeline.java:234)
at java.base/java.util.stream.ReferencePipeline.findFirst(ReferencePipeline.java:647)
at org.openqa.selenium.remote.ProtocolHandshake.createSession(ProtocolHandshake.java:128)
at org.openqa.selenium.remote.ProtocolHandshake.createSession(ProtocolHandshake.java:74)
at org.openqa.selenium.remote.HttpCommandExecutor.execute(HttpCommandExecutor.java:136)
at org.openqa.selenium.remote.service.DriverCommandExecutor.execute(DriverCommandExecutor.java:83)
at org.openqa.selenium.remote.RemoteWebDriver.execute(RemoteWebDriver.java:552)
at org.openqa.selenium.remote.RemoteWebDriver.startSession(RemoteWebDriver.java:213)
at org.openqa.selenium.remote.RemoteWebDriver.<init>(RemoteWebDriver.java:131)
at org.openqa.selenium.chrome.ChromeDriver.<init>(ChromeDriver.java:181)
at org.openqa.selenium.chrome.ChromeDriver.<init>(ChromeDriver.java:168)
at org.openqa.selenium.chrome.ChromeDriver.<init>(ChromeDriver.java:123)
at auto_basecode.Basecode.startbrow(Basecode.java:18)
at java.base/jdk.internal.reflect.NativeMethodAccessorImpl.invoke0(Native Method)
at java.base/jdk.internal.reflect.NativeMethodAccessorImpl.invoke(NativeMethodAccessorImpl.java:77)
at java.base/jdk.internal.reflect.DelegatingMethodAccessorImpl.invoke(DelegatingMethodAccessorImpl.java:43)
at java.base/java.lang.reflect.Method.invoke(Method.java:568)
at org.testng.internal.MethodInvocationHelper.invokeMethod(MethodInvocationHelper.java:133)
at org.testng.internal.MethodInvocationHelper.invokeMethodConsideringTimeout(MethodInvocationHelper.java:62)
at org.testng.internal.ConfigInvoker.invokeConfigurationMethod(ConfigInvoker.java:385)
at org.testng.internal.ConfigInvoker.invokeConfigurations(ConfigInvoker.java:321)
at org.testng.internal.TestInvoker.runConfigMethods(TestInvoker.java:700)
at org.testng.internal.TestInvoker.invokeMethod(TestInvoker.java:527)
at org.testng.internal.TestInvoker.invokeTestMethod(TestInvoker.java:173)
at org.testng.internal.MethodRunner.runInSequence(MethodRunner.java:46)
at org.testng.internal.TestInvoker$MethodInvocationAgent.invoke(TestInvoker.java:824)
at org.testng.internal.TestInvoker.invokeTestMethods(TestInvoker.java:146)
at org.testng.internal.TestMethodWorker.invokeTestMethods(TestMethodWorker.java:146)
at org.testng.internal.TestMethodWorker.run(TestMethodWorker.java:128)
at java.base/java.util.ArrayList.forEach(ArrayList.java:1511)
at org.testng.TestRunner.privateRun(TestRunner.java:794)
at org.testng.TestRunner.run(TestRunner.java:596)
at org.testng.SuiteRunner.runTest(SuiteRunner.java:377)
at org.testng.SuiteRunner.runSequentially(SuiteRunner.java:371)
at org.testng.SuiteRunner.privateRun(SuiteRunner.java:332)
at org.testng.SuiteRunner.run(SuiteRunner.java:276)
at org.testng.SuiteRunnerWorker.runSuite(SuiteRunnerWorker.java:53)
at org.testng.SuiteRunnerWorker.run(SuiteRunnerWorker.java:96)
at org.testng.TestNG.runSuitesSequentially(TestNG.java:1212)
at org.testng.TestNG.runSuitesLocally(TestNG.java:1134)
at org.testng.TestNG.runSuites(TestNG.java:1063)
at org.testng.TestNG.run(TestNG.java:1031)
at org.testng.remote.AbstractRemoteTestNG.run(AbstractRemoteTestNG.java:115)
at org.testng.remote.RemoteTestNG.initAndRun(RemoteTestNG.java:251)
at org.testng.remote.RemoteTestNG.main(RemoteTestNG.java:77)
]]>
            </full-stacktrace>
          </exception> <!-- org.openqa.selenium.SessionNotCreatedException -->
          <reporter-output>
          </reporter-output>
        </test-method> <!-- startbrow -->
        <test-method signature="tc1(java.lang.String,java.lang.String,java.lang.String,java.lang.String,java.lang.String,java.lang.String)[pri:0, instance:auto_tc.Tc1@34f7cfd9]" started-at="2023-03-10T19:10:03 IST" name="tc1" data-provider="excel" finished-at="2023-03-10T19:10:03 IST" duration-ms="0" status="SKIP">
          <params>
            <param index="0">
              <value>
                <![CDATA[kumarsuresh93013@gmail.com]]>
              </value>
            </param>
            <param index="1">
              <value>
                <![CDATA[Suresh@1908]]>
              </value>
            </param>
            <param index="2">
              <value>
                <![CDATA[7878787878]]>
              </value>
            </param>
            <param index="3">
              <value>
                <![CDATA[Serv]]>
              </value>
            </param>
            <param index="4">
              <value>
                <![CDATA[Joey]]>
              </value>
            </param>
            <param index="5">
              <value>
                <![CDATA[Joey66@gmail.com]]>
              </value>
            </param>
          </params>
          <exception class="org.openqa.selenium.SessionNotCreatedException">
            <message>
              <![CDATA[session not created: This version of ChromeDriver only supports Chrome version 109
Current browser version is 111.0.5563.64 with binary path /Applications/Google Chrome.app/Contents/MacOS/Google Chrome
Build info: version: '3.141.59', revision: 'e82be7d358', time: '2018-11-14T08:17:03'
System info: host: 'Abisheks-MacBook-Air.local', ip: 'fe80:0:0:0:24:870d:a163:fdc%en0', os.name: 'Mac OS X', os.arch: 'x86_64', os.version: '13.0', java.version: '17.0.4.1'
Driver info: driver.version: ChromeDriver
remote stacktrace: 0   chromedriver                        0x00000001012d6fa8 chromedriver + 4886440
1   chromedriver                        0x0000000101254643 chromedriver + 4351555
2   chromedriver                        0x0000000100ea2b27 chromedriver + 477991
3   chromedriver                        0x0000000100ed4659 chromedriver + 681561
4   chromedriver                        0x0000000100ecf3bb chromedriver + 660411
5   chromedriver                        0x0000000100ecb712 chromedriver + 644882
6   chromedriver                        0x0000000100f16bd7 chromedriver + 953303
7   chromedriver                        0x0000000100f0d3a3 chromedriver + 914339
8   chromedriver                        0x0000000100ed757f chromedriver + 693631
9   chromedriver                        0x0000000100ed8b1e chromedriver + 699166
10  chromedriver                        0x00000001012a3b9e chromedriver + 4676510
11  chromedriver                        0x00000001012a891e chromedriver + 4696350
12  chromedriver                        0x00000001012b019f chromedriver + 4727199
13  chromedriver                        0x00000001012a981a chromedriver + 4700186
14  chromedriver                        0x000000010127ca62 chromedriver + 4516450
15  chromedriver                        0x00000001012c88c8 chromedriver + 4827336
16  chromedriver                        0x00000001012c8a45 chromedriver + 4827717
17  chromedriver                        0x00000001012de7ef chromedriver + 4917231
18  libsystem_pthread.dylib             0x00007ff8077b3259 _pthread_start + 125
19  libsystem_pthread.dylib             0x00007ff8077aec7b thread_start + 15
]]>
            </message>
            <full-stacktrace>
              <![CDATA[org.openqa.selenium.SessionNotCreatedException: session not created: This version of ChromeDriver only supports Chrome version 109
Current browser version is 111.0.5563.64 with binary path /Applications/Google Chrome.app/Contents/MacOS/Google Chrome
Build info: version: '3.141.59', revision: 'e82be7d358', time: '2018-11-14T08:17:03'
System info: host: 'Abisheks-MacBook-Air.local', ip: 'fe80:0:0:0:24:870d:a163:fdc%en0', os.name: 'Mac OS X', os.arch: 'x86_64', os.version: '13.0', java.version: '17.0.4.1'
Driver info: driver.version: ChromeDriver
remote stacktrace: 0   chromedriver                        0x00000001012d6fa8 chromedriver + 4886440
1   chromedriver                        0x0000000101254643 chromedriver + 4351555
2   chromedriver                        0x0000000100ea2b27 chromedriver + 477991
3   chromedriver                        0x0000000100ed4659 chromedriver + 681561
4   chromedriver                        0x0000000100ecf3bb chromedriver + 660411
5   chromedriver                        0x0000000100ecb712 chromedriver + 644882
6   chromedriver                        0x0000000100f16bd7 chromedriver + 953303
7   chromedriver                        0x0000000100f0d3a3 chromedriver + 914339
8   chromedriver                        0x0000000100ed757f chromedriver + 693631
9   chromedriver                        0x0000000100ed8b1e chromedriver + 699166
10  chromedriver                        0x00000001012a3b9e chromedriver + 4676510
11  chromedriver                        0x00000001012a891e chromedriver + 4696350
12  chromedriver                        0x00000001012b019f chromedriver + 4727199
13  chromedriver                        0x00000001012a981a chromedriver + 4700186
14  chromedriver                        0x000000010127ca62 chromedriver + 4516450
15  chromedriver                        0x00000001012c88c8 chromedriver + 4827336
16  chromedriver                        0x00000001012c8a45 chromedriver + 4827717
17  chromedriver                        0x00000001012de7ef chromedriver + 4917231
18  libsystem_pthread.dylib             0x00007ff8077b3259 _pthread_start + 125
19  libsystem_pthread.dylib             0x00007ff8077aec7b thread_start + 15

at java.base/jdk.internal.reflect.NativeConstructorAccessorImpl.newInstance0(Native Method)
at java.base/jdk.internal.reflect.NativeConstructorAccessorImpl.newInstance(NativeConstructorAccessorImpl.java:77)
at java.base/jdk.internal.reflect.DelegatingConstructorAccessorImpl.newInstance(DelegatingConstructorAccessorImpl.java:45)
at java.base/java.lang.reflect.Constructor.newInstanceWithCaller(Constructor.java:499)
at java.base/java.lang.reflect.Constructor.newInstance(Constructor.java:480)
at org.openqa.selenium.remote.W3CHandshakeResponse.lambda$errorHandler$0(W3CHandshakeResponse.java:62)
at org.openqa.selenium.remote.HandshakeResponse.lambda$getResponseFunction$0(HandshakeResponse.java:30)
at org.openqa.selenium.remote.ProtocolHandshake.lambda$createSession$0(ProtocolHandshake.java:126)
at java.base/java.util.stream.ReferencePipeline$3$1.accept(ReferencePipeline.java:197)
at java.base/java.util.Spliterators$ArraySpliterator.tryAdvance(Spliterators.java:1002)
at java.base/java.util.stream.ReferencePipeline.forEachWithCancel(ReferencePipeline.java:129)
at java.base/java.util.stream.AbstractPipeline.copyIntoWithCancel(AbstractPipeline.java:527)
at java.base/java.util.stream.AbstractPipeline.copyInto(AbstractPipeline.java:513)
at java.base/java.util.stream.AbstractPipeline.wrapAndCopyInto(AbstractPipeline.java:499)
at java.base/java.util.stream.FindOps$FindOp.evaluateSequential(FindOps.java:150)
at java.base/java.util.stream.AbstractPipeline.evaluate(AbstractPipeline.java:234)
at java.base/java.util.stream.ReferencePipeline.findFirst(ReferencePipeline.java:647)
at org.openqa.selenium.remote.ProtocolHandshake.createSession(ProtocolHandshake.java:128)
at org.openqa.selenium.remote.ProtocolHandshake.createSession(ProtocolHandshake.java:74)
at org.openqa.selenium.remote.HttpCommandExecutor.execute(HttpCommandExecutor.java:136)
at org.openqa.selenium.remote.service.DriverCommandExecutor.execute(DriverCommandExecutor.java:83)
at org.openqa.selenium.remote.RemoteWebDriver.execute(RemoteWebDriver.java:552)
at org.openqa.selenium.remote.RemoteWebDriver.startSession(RemoteWebDriver.java:213)
at org.openqa.selenium.remote.RemoteWebDriver.<init>(RemoteWebDriver.java:131)
at org.openqa.selenium.chrome.ChromeDriver.<init>(ChromeDriver.java:181)
at org.openqa.selenium.chrome.ChromeDriver.<init>(ChromeDriver.java:168)
at org.openqa.selenium.chrome.ChromeDriver.<init>(ChromeDriver.java:123)
at auto_basecode.Basecode.startbrow(Basecode.java:18)
at java.base/jdk.internal.reflect.NativeMethodAccessorImpl.invoke0(Native Method)
at java.base/jdk.internal.reflect.NativeMethodAccessorImpl.invoke(NativeMethodAccessorImpl.java:77)
at java.base/jdk.internal.reflect.DelegatingMethodAccessorImpl.invoke(DelegatingMethodAccessorImpl.java:43)
at java.base/java.lang.reflect.Method.invoke(Method.java:568)
at org.testng.internal.MethodInvocationHelper.invokeMethod(MethodInvocationHelper.java:133)
at org.testng.internal.MethodInvocationHelper.invokeMethodConsideringTimeout(MethodInvocationHelper.java:62)
at org.testng.internal.ConfigInvoker.invokeConfigurationMethod(ConfigInvoker.java:385)
at org.testng.internal.ConfigInvoker.invokeConfigurations(ConfigInvoker.java:321)
at org.testng.internal.TestInvoker.runConfigMethods(TestInvoker.java:700)
at org.testng.internal.TestInvoker.invokeMethod(TestInvoker.java:527)
at org.testng.internal.TestInvoker.invokeTestMethod(TestInvoker.java:173)
at org.testng.internal.MethodRunner.runInSequence(MethodRunner.java:46)
at org.testng.internal.TestInvoker$MethodInvocationAgent.invoke(TestInvoker.java:824)
at org.testng.internal.TestInvoker.invokeTestMethods(TestInvoker.java:146)
at org.testng.internal.TestMethodWorker.invokeTestMethods(TestMethodWorker.java:146)
at org.testng.internal.TestMethodWorker.run(TestMethodWorker.java:128)
at java.base/java.util.ArrayList.forEach(ArrayList.java:1511)
at org.testng.TestRunner.privateRun(TestRunner.java:794)
at org.testng.TestRunner.run(TestRunner.java:596)
at org.testng.SuiteRunner.runTest(SuiteRunner.java:377)
at org.testng.SuiteRunner.runSequentially(SuiteRunner.java:371)
at org.testng.SuiteRunner.privateRun(SuiteRunner.java:332)
at org.testng.SuiteRunner.run(SuiteRunner.java:276)
at org.testng.SuiteRunnerWorker.runSuite(SuiteRunnerWorker.java:53)
at org.testng.SuiteRunnerWorker.run(SuiteRunnerWorker.java:96)
at org.testng.TestNG.runSuitesSequentially(TestNG.java:1212)
at org.testng.TestNG.runSuitesLocally(TestNG.java:1134)
at org.testng.TestNG.runSuites(TestNG.java:1063)
at org.testng.TestNG.run(TestNG.java:1031)
at org.testng.remote.AbstractRemoteTestNG.run(AbstractRemoteTestNG.java:115)
at org.testng.remote.RemoteTestNG.initAndRun(RemoteTestNG.java:251)
at org.testng.remote.RemoteTestNG.main(RemoteTestNG.java:77)
]]>
            </full-stacktrace>
          </exception> <!-- org.openqa.selenium.SessionNotCreatedException -->
          <reporter-output>
          </reporter-output>
        </test-method> <!-- tc1 -->
      </class> <!-- auto_tc.Tc1 -->
    </test> <!-- Test -->
  </suite> <!-- Suite -->
</testng-results>
